2018-12-19 08:59:36,152 [Dummy-1:3916] [django.db.backends:111] [utils:execute] [DEBUG]- (0.003) 
            SELECT name, type FROM sqlite_master
            WHERE type in ('table', 'view') AND NOT name='sqlite_sequence'
            ORDER BY name; args=None
2018-12-19 09:03:22,467 [Thread-2:48672] [my_blog.views:11] [views:index] [ERROR]- [Errno 2] No such file or directory: './test'
2018-12-19 09:03:22,484 [Thread-2:48672] [django.server:136] [basehttp:log_message] [INFO]- "GET / HTTP/1.1" 200 14977
2018-12-19 09:03:22,643 [Thread-2:48672] [django.server:136] [basehttp:log_message] [INFO]- "GET /static/css/base.css HTTP/1.1" 200 8732
2018-12-19 09:03:22,645 [Thread-3:47372] [django.server:136] [basehttp:log_message] [INFO]- "GET /static/css/index.css HTTP/1.1" 200 4946
2018-12-19 09:03:22,646 [Thread-5:47192] [django.server:136] [basehttp:log_message] [INFO]- "GET /static/js/sliders.js HTTP/1.1" 200 4505
2018-12-19 09:03:22,646 [Thread-6:47824] [django.server:136] [basehttp:log_message] [INFO]- "GET /static/js/nav.js HTTP/1.1" 200 238
2018-12-19 09:03:22,648 [Thread-4:10124] [django.server:136] [basehttp:log_message] [INFO]- "GET /static/js/jquery.min.js HTTP/1.1" 200 95790
2018-12-19 09:03:22,657 [Thread-4:10124] [django.template:872] [base:_resolve_lookup] [DEBUG]- Exception while resolving variable 'name' in template 'unknown'.
Traceback (most recent call last):
  File "D:\python_env\blog\lib\site-packages\django\core\handlers\exception.py", line 34, in inner
    response = get_response(request)
  File "D:\python_env\blog\lib\site-packages\django\core\handlers\base.py", line 111, in _get_response
    resolver_match = resolver.resolve(request.path_info)
  File "D:\python_env\blog\lib\site-packages\django\urls\resolvers.py", line 520, in resolve
    raise Resolver404({'tried': tried, 'path': new_path})
django.urls.exceptions.Resolver404: {'tried': [[<URLResolver <URLPattern list> (admin:admin) 'admin/'>], [<URLPattern '^$' [name='index']>]], 'path': 'images/a1.jpg'}

During handling of the above exception, another exception occurred:

Traceback (most recent call last):
  File "D:\python_env\blog\lib\site-packages\django\template\base.py", line 829, in _resolve_lookup
    current = current[bit]
TypeError: 'URLResolver' object is not subscriptable

During handling of the above exception, another exception occurred:

Traceback (most recent call last):
  File "D:\python_env\blog\lib\site-packages\django\template\base.py", line 837, in _resolve_lookup
    current = getattr(current, bit)
AttributeError: 'URLResolver' object has no attribute 'name'

During handling of the above exception, another exception occurred:

Traceback (most recent call last):
  File "D:\python_env\blog\lib\site-packages\django\template\base.py", line 843, in _resolve_lookup
    current = current[int(bit)]
ValueError: invalid literal for int() with base 10: 'name'

During handling of the above exception, another exception occurred:

Traceback (most recent call last):
  File "D:\python_env\blog\lib\site-packages\django\template\base.py", line 850, in _resolve_lookup
    (bit, current))  # missing attribute
django.template.base.VariableDoesNotExist: Failed lookup for key [name] in <URLResolver <URLPattern list> (admin:admin) 'admin/'>
2018-12-19 09:03:22,662 [Thread-4:10124] [django.server:136] [basehttp:log_message] [WARNING]- "GET /images/a1.jpg HTTP/1.1" 404 2092
2018-12-19 09:03:22,670 [Thread-4:10124] [django.template:872] [base:_resolve_lookup] [DEBUG]- Exception while resolving variable 'name' in template 'unknown'.
Traceback (most recent call last):
  File "D:\python_env\blog\lib\site-packages\django\core\handlers\exception.py", line 34, in inner
    response = get_response(request)
  File "D:\python_env\blog\lib\site-packages\django\core\handlers\base.py", line 111, in _get_response
    resolver_match = resolver.resolve(request.path_info)
  File "D:\python_env\blog\lib\site-packages\django\urls\resolvers.py", line 520, in resolve
    raise Resolver404({'tried': tried, 'path': new_path})
django.urls.exceptions.Resolver404: {'tried': [[<URLResolver <URLPattern list> (admin:admin) 'admin/'>], [<URLPattern '^$' [name='index']>]], 'path': 'images/a2.jpg'}

During handling of the above exception, another exception occurred:

Traceback (most recent call last):
  File "D:\python_env\blog\lib\site-packages\django\template\base.py", line 829, in _resolve_lookup
    current = current[bit]
TypeError: 'URLResolver' object is not subscriptable

During handling of the above exception, another exception occurred:

Traceback (most recent call last):
  File "D:\python_env\blog\lib\site-packages\django\template\base.py", line 837, in _resolve_lookup
    current = getattr(current, bit)
AttributeError: 'URLResolver' object has no attribute 'name'

During handling of the above exception, another exception occurred:

Traceback (most recent call last):
  File "D:\python_env\blog\lib\site-packages\django\template\base.py", line 843, in _resolve_lookup
    current = current[int(bit)]
ValueError: invalid literal for int() with base 10: 'name'

During handling of the above exception, another exception occurred:

Traceback (most recent call last):
  File "D:\python_env\blog\lib\site-packages\django\template\base.py", line 850, in _resolve_lookup
    (bit, current))  # missing attribute
django.template.base.VariableDoesNotExist: Failed lookup for key [name] in <URLResolver <URLPattern list> (admin:admin) 'admin/'>
2018-12-19 09:03:22,672 [Thread-4:10124] [django.server:136] [basehttp:log_message] [WARNING]- "GET /images/a2.jpg HTTP/1.1" 404 2092
2018-12-19 09:03:22,678 [Thread-4:10124] [django.template:872] [base:_resolve_lookup] [DEBUG]- Exception while resolving variable 'name' in template 'unknown'.
Traceback (most recent call last):
  File "D:\python_env\blog\lib\site-packages\django\core\handlers\exception.py", line 34, in inner
    response = get_response(request)
  File "D:\python_env\blog\lib\site-packages\django\core\handlers\base.py", line 111, in _get_response
    resolver_match = resolver.resolve(request.path_info)
  File "D:\python_env\blog\lib\site-packages\django\urls\resolvers.py", line 520, in resolve
    raise Resolver404({'tried': tried, 'path': new_path})
django.urls.exceptions.Resolver404: {'tried': [[<URLResolver <URLPattern list> (admin:admin) 'admin/'>], [<URLPattern '^$' [name='index']>]], 'path': 'images/a3.jpg'}

During handling of the above exception, another exception occurred:

Traceback (most recent call last):
  File "D:\python_env\blog\lib\site-packages\django\template\base.py", line 829, in _resolve_lookup
    current = current[bit]
TypeError: 'URLResolver' object is not subscriptable

During handling of the above exception, another exception occurred:

Traceback (most recent call last):
  File "D:\python_env\blog\lib\site-packages\django\template\base.py", line 837, in _resolve_lookup
    current = getattr(current, bit)
AttributeError: 'URLResolver' object has no attribute 'name'

During handling of the above exception, another exception occurred:

Traceback (most recent call last):
  File "D:\python_env\blog\lib\site-packages\django\template\base.py", line 843, in _resolve_lookup
    current = current[int(bit)]
ValueError: invalid literal for int() with base 10: 'name'

During handling of the above exception, another exception occurred:

Traceback (most recent call last):
  File "D:\python_env\blog\lib\site-packages\django\template\base.py", line 850, in _resolve_lookup
    (bit, current))  # missing attribute
django.template.base.VariableDoesNotExist: Failed lookup for key [name] in <URLResolver <URLPattern list> (admin:admin) 'admin/'>
2018-12-19 09:03:22,680 [Thread-4:10124] [django.server:136] [basehttp:log_message] [WARNING]- "GET /images/a3.jpg HTTP/1.1" 404 2092
2018-12-19 09:03:22,687 [Thread-4:10124] [django.template:872] [base:_resolve_lookup] [DEBUG]- Exception while resolving variable 'name' in template 'unknown'.
Traceback (most recent call last):
  File "D:\python_env\blog\lib\site-packages\django\core\handlers\exception.py", line 34, in inner
    response = get_response(request)
  File "D:\python_env\blog\lib\site-packages\django\core\handlers\base.py", line 111, in _get_response
    resolver_match = resolver.resolve(request.path_info)
  File "D:\python_env\blog\lib\site-packages\django\urls\resolvers.py", line 520, in resolve
    raise Resolver404({'tried': tried, 'path': new_path})
django.urls.exceptions.Resolver404: {'tried': [[<URLResolver <URLPattern list> (admin:admin) 'admin/'>], [<URLPattern '^$' [name='index']>]], 'path': 'images/a4.jpg'}

During handling of the above exception, another exception occurred:

Traceback (most recent call last):
  File "D:\python_env\blog\lib\site-packages\django\template\base.py", line 829, in _resolve_lookup
    current = current[bit]
TypeError: 'URLResolver' object is not subscriptable

During handling of the above exception, another exception occurred:

Traceback (most recent call last):
  File "D:\python_env\blog\lib\site-packages\django\template\base.py", line 837, in _resolve_lookup
    current = getattr(current, bit)
AttributeError: 'URLResolver' object has no attribute 'name'

During handling of the above exception, another exception occurred:

Traceback (most recent call last):
  File "D:\python_env\blog\lib\site-packages\django\template\base.py", line 843, in _resolve_lookup
    current = current[int(bit)]
ValueError: invalid literal for int() with base 10: 'name'

During handling of the above exception, another exception occurred:

Traceback (most recent call last):
  File "D:\python_env\blog\lib\site-packages\django\template\base.py", line 850, in _resolve_lookup
    (bit, current))  # missing attribute
django.template.base.VariableDoesNotExist: Failed lookup for key [name] in <URLResolver <URLPattern list> (admin:admin) 'admin/'>
2018-12-19 09:03:22,689 [Thread-4:10124] [django.server:136] [basehttp:log_message] [WARNING]- "GET /images/a4.jpg HTTP/1.1" 404 2092
2018-12-19 09:03:22,789 [Thread-4:10124] [django.server:136] [basehttp:log_message] [INFO]- "GET /static/images/slide-bg.png HTTP/1.1" 200 2792
2018-12-19 09:03:22,867 [Thread-4:10124] [django.server:136] [basehttp:log_message] [INFO]- "GET /static/images/icons.png HTTP/1.1" 200 1459
2018-12-19 09:03:22,869 [Thread-6:47824] [django.server:136] [basehttp:log_message] [INFO]- "GET /static/images/ico_05_1.jpg HTTP/1.1" 200 6397
2018-12-19 09:03:22,870 [Thread-5:47192] [django.server:136] [basehttp:log_message] [INFO]- "GET /static/images/ico_06_1.jpg HTTP/1.1" 200 5493
2018-12-19 09:03:22,871 [Thread-3:47372] [django.server:136] [basehttp:log_message] [INFO]- "GET /static/images/ico_04_1.jpg HTTP/1.1" 200 5451
2018-12-19 09:03:22,871 [Thread-2:48672] [django.server:136] [basehttp:log_message] [INFO]- "GET /static/images/ico_07_1.jpg HTTP/1.1" 200 5618
2018-12-19 09:03:22,873 [Thread-7:39776] [django.server:136] [basehttp:log_message] [INFO]- "GET /static/images/ph2.png HTTP/1.1" 200 1591
2018-12-19 09:03:22,875 [Thread-6:47824] [django.server:136] [basehttp:log_message] [INFO]- "GET /static/images/datepng.png HTTP/1.1" 200 1204
2018-12-19 09:03:22,880 [Thread-2:48672] [django.server:136] [basehttp:log_message] [INFO]- "GET /static/images/newsbg01.png HTTP/1.1" 200 1243
2018-12-19 09:03:22,884 [Thread-6:47824] [django.server:136] [basehttp:log_message] [INFO]- "GET /static/images/newsbg02.png HTTP/1.1" 200 1418
2018-12-19 09:03:22,884 [Thread-7:39776] [django.server:136] [basehttp:log_message] [INFO]- "GET /static/images/newsbg04.png HTTP/1.1" 200 1298
2018-12-19 09:03:22,896 [Thread-2:48672] [django.server:136] [basehttp:log_message] [INFO]- "GET /static/images/newsbg03.png HTTP/1.1" 200 1254
2018-12-19 09:03:23,005 [Thread-2:48672] [django.server:136] [basehttp:log_message] [INFO]- "GET /static/images/silde-nav.png HTTP/1.1" 200 1250
2018-12-19 09:03:23,062 [Thread-2:48672] [django.template:872] [base:_resolve_lookup] [DEBUG]- Exception while resolving variable 'name' in template 'unknown'.
Traceback (most recent call last):
  File "D:\python_env\blog\lib\site-packages\django\core\handlers\exception.py", line 34, in inner
    response = get_response(request)
  File "D:\python_env\blog\lib\site-packages\django\core\handlers\base.py", line 111, in _get_response
    resolver_match = resolver.resolve(request.path_info)
  File "D:\python_env\blog\lib\site-packages\django\urls\resolvers.py", line 520, in resolve
    raise Resolver404({'tried': tried, 'path': new_path})
django.urls.exceptions.Resolver404: {'tried': [[<URLResolver <URLPattern list> (admin:admin) 'admin/'>], [<URLPattern '^$' [name='index']>]], 'path': 'favicon.ico'}

During handling of the above exception, another exception occurred:

Traceback (most recent call last):
  File "D:\python_env\blog\lib\site-packages\django\template\base.py", line 829, in _resolve_lookup
    current = current[bit]
TypeError: 'URLResolver' object is not subscriptable

During handling of the above exception, another exception occurred:

Traceback (most recent call last):
  File "D:\python_env\blog\lib\site-packages\django\template\base.py", line 837, in _resolve_lookup
    current = getattr(current, bit)
AttributeError: 'URLResolver' object has no attribute 'name'

During handling of the above exception, another exception occurred:

Traceback (most recent call last):
  File "D:\python_env\blog\lib\site-packages\django\template\base.py", line 843, in _resolve_lookup
    current = current[int(bit)]
ValueError: invalid literal for int() with base 10: 'name'

During handling of the above exception, another exception occurred:

Traceback (most recent call last):
  File "D:\python_env\blog\lib\site-packages\django\template\base.py", line 850, in _resolve_lookup
    (bit, current))  # missing attribute
django.template.base.VariableDoesNotExist: Failed lookup for key [name] in <URLResolver <URLPattern list> (admin:admin) 'admin/'>
2018-12-19 09:03:23,068 [Thread-2:48672] [django.server:136] [basehttp:log_message] [WARNING]- "GET /favicon.ico HTTP/1.1" 404 2086
2018-12-19 09:07:46,341 [Thread-2:48672] [django.server:136] [basehttp:log_message] [INFO]- "GET /static/images/ico_05.png HTTP/1.1" 200 2404
2018-12-19 09:07:46,382 [Thread-2:48672] [django.server:136] [basehttp:log_message] [INFO]- "GET /static/images/ico_06.png HTTP/1.1" 200 2333
2018-12-19 09:07:47,506 [Thread-2:48672] [django.server:136] [basehttp:log_message] [INFO]- "GET /static/images/ico_04.png HTTP/1.1" 200 2177
2018-12-19 09:07:47,853 [Thread-2:48672] [django.server:136] [basehttp:log_message] [INFO]- "GET /static/images/ico_07.png HTTP/1.1" 200 2692
2018-12-19 09:08:33,407 [Dummy-1:35088] [django.db.backends:111] [utils:execute] [DEBUG]- (0.000) 
            SELECT name, type FROM sqlite_master
            WHERE type in ('table', 'view') AND NOT name='sqlite_sequence'
            ORDER BY name; args=None
2018-12-19 09:09:03,250 [Dummy-1:21056] [django.db.backends:111] [utils:execute] [DEBUG]- (0.000) 
            SELECT name, type FROM sqlite_master
            WHERE type in ('table', 'view') AND NOT name='sqlite_sequence'
            ORDER BY name; args=None
2018-12-19 09:09:22,767 [Dummy-1:47176] [django.db.backends:111] [utils:execute] [DEBUG]- (0.001) 
            SELECT name, type FROM sqlite_master
            WHERE type in ('table', 'view') AND NOT name='sqlite_sequence'
            ORDER BY name; args=None
2018-12-19 09:09:28,841 [Dummy-1:14316] [django.db.backends:111] [utils:execute] [DEBUG]- (0.001) 
            SELECT name, type FROM sqlite_master
            WHERE type in ('table', 'view') AND NOT name='sqlite_sequence'
            ORDER BY name; args=None
2018-12-19 09:09:36,204 [Dummy-1:34992] [django.db.backends:111] [utils:execute] [DEBUG]- (0.001) 
            SELECT name, type FROM sqlite_master
            WHERE type in ('table', 'view') AND NOT name='sqlite_sequence'
            ORDER BY name; args=None
2018-12-19 09:10:16,972 [Dummy-1:49380] [django.db.backends:111] [utils:execute] [DEBUG]- (0.000) 
            SELECT name, type FROM sqlite_master
            WHERE type in ('table', 'view') AND NOT name='sqlite_sequence'
            ORDER BY name; args=None
2018-12-19 09:10:57,563 [Dummy-1:47904] [django.db.backends:111] [utils:execute] [DEBUG]- (0.001) 
            SELECT name, type FROM sqlite_master
            WHERE type in ('table', 'view') AND NOT name='sqlite_sequence'
            ORDER BY name; args=None
2018-12-19 09:12:16,905 [Dummy-1:28008] [django.db.backends:111] [utils:execute] [DEBUG]- (0.000) 
            SELECT name, type FROM sqlite_master
            WHERE type in ('table', 'view') AND NOT name='sqlite_sequence'
            ORDER BY name; args=None
2018-12-19 09:12:20,693 [Dummy-1:48312] [django.db.backends:111] [utils:execute] [DEBUG]- (0.001) 
            SELECT name, type FROM sqlite_master
            WHERE type in ('table', 'view') AND NOT name='sqlite_sequence'
            ORDER BY name; args=None
2018-12-19 09:12:31,823 [Dummy-1:39216] [django.db.backends:111] [utils:execute] [DEBUG]- (0.001) 
            SELECT name, type FROM sqlite_master
            WHERE type in ('table', 'view') AND NOT name='sqlite_sequence'
            ORDER BY name; args=None
2018-12-19 09:47:32,568 [Dummy-1:36824] [django.db.backends:111] [utils:execute] [DEBUG]- (0.001) 
            SELECT name, type FROM sqlite_master
            WHERE type in ('table', 'view') AND NOT name='sqlite_sequence'
            ORDER BY name; args=None
2018-12-19 09:47:37,117 [Thread-2:43808] [my_blog.views:20] [views:index] [ERROR]- [Errno 2] No such file or directory: './test'
2018-12-19 09:47:37,287 [Thread-2:43808] [django.server:136] [basehttp:log_message] [ERROR]- "GET / HTTP/1.1" 500 98262
2018-12-19 09:50:36,214 [Dummy-1:37444] [django.db.backends:111] [utils:execute] [DEBUG]- (0.000) 
            SELECT name, type FROM sqlite_master
            WHERE type in ('table', 'view') AND NOT name='sqlite_sequence'
            ORDER BY name; args=None
2018-12-19 09:50:44,181 [Thread-2:42680] [my_blog.views:20] [views:index] [ERROR]- [Errno 2] No such file or directory: './test'
2018-12-19 09:50:44,218 [Thread-2:42680] [django.server:136] [basehttp:log_message] [INFO]- "GET / HTTP/1.1" 200 14946
2018-12-19 09:50:44,251 [Thread-2:42680] [django.template:872] [base:_resolve_lookup] [DEBUG]- Exception while resolving variable 'name' in template 'unknown'.
Traceback (most recent call last):
  File "D:\python_env\blog\lib\site-packages\django\core\handlers\exception.py", line 34, in inner
    response = get_response(request)
  File "D:\python_env\blog\lib\site-packages\django\core\handlers\base.py", line 111, in _get_response
    resolver_match = resolver.resolve(request.path_info)
  File "D:\python_env\blog\lib\site-packages\django\urls\resolvers.py", line 520, in resolve
    raise Resolver404({'tried': tried, 'path': new_path})
django.urls.exceptions.Resolver404: {'tried': [[<URLResolver <URLPattern list> (admin:admin) 'admin/'>], [<URLPattern '^$' [name='index']>]], 'path': 'images/a1.jpg'}

During handling of the above exception, another exception occurred:

Traceback (most recent call last):
  File "D:\python_env\blog\lib\site-packages\django\template\base.py", line 829, in _resolve_lookup
    current = current[bit]
TypeError: 'URLResolver' object is not subscriptable

During handling of the above exception, another exception occurred:

Traceback (most recent call last):
  File "D:\python_env\blog\lib\site-packages\django\template\base.py", line 837, in _resolve_lookup
    current = getattr(current, bit)
AttributeError: 'URLResolver' object has no attribute 'name'

During handling of the above exception, another exception occurred:

Traceback (most recent call last):
  File "D:\python_env\blog\lib\site-packages\django\template\base.py", line 843, in _resolve_lookup
    current = current[int(bit)]
ValueError: invalid literal for int() with base 10: 'name'

During handling of the above exception, another exception occurred:

Traceback (most recent call last):
  File "D:\python_env\blog\lib\site-packages\django\template\base.py", line 850, in _resolve_lookup
    (bit, current))  # missing attribute
django.template.base.VariableDoesNotExist: Failed lookup for key [name] in <URLResolver <URLPattern list> (admin:admin) 'admin/'>
2018-12-19 09:50:44,255 [Thread-2:42680] [django.server:136] [basehttp:log_message] [WARNING]- "GET /images/a1.jpg HTTP/1.1" 404 2092
2018-12-19 09:50:44,264 [Thread-2:42680] [django.template:872] [base:_resolve_lookup] [DEBUG]- Exception while resolving variable 'name' in template 'unknown'.
Traceback (most recent call last):
  File "D:\python_env\blog\lib\site-packages\django\core\handlers\exception.py", line 34, in inner
    response = get_response(request)
  File "D:\python_env\blog\lib\site-packages\django\core\handlers\base.py", line 111, in _get_response
    resolver_match = resolver.resolve(request.path_info)
  File "D:\python_env\blog\lib\site-packages\django\urls\resolvers.py", line 520, in resolve
    raise Resolver404({'tried': tried, 'path': new_path})
django.urls.exceptions.Resolver404: {'tried': [[<URLResolver <URLPattern list> (admin:admin) 'admin/'>], [<URLPattern '^$' [name='index']>]], 'path': 'images/a2.jpg'}

During handling of the above exception, another exception occurred:

Traceback (most recent call last):
  File "D:\python_env\blog\lib\site-packages\django\template\base.py", line 829, in _resolve_lookup
    current = current[bit]
TypeError: 'URLResolver' object is not subscriptable

During handling of the above exception, another exception occurred:

Traceback (most recent call last):
  File "D:\python_env\blog\lib\site-packages\django\template\base.py", line 837, in _resolve_lookup
    current = getattr(current, bit)
AttributeError: 'URLResolver' object has no attribute 'name'

During handling of the above exception, another exception occurred:

Traceback (most recent call last):
  File "D:\python_env\blog\lib\site-packages\django\template\base.py", line 843, in _resolve_lookup
    current = current[int(bit)]
ValueError: invalid literal for int() with base 10: 'name'

During handling of the above exception, another exception occurred:

Traceback (most recent call last):
  File "D:\python_env\blog\lib\site-packages\django\template\base.py", line 850, in _resolve_lookup
    (bit, current))  # missing attribute
django.template.base.VariableDoesNotExist: Failed lookup for key [name] in <URLResolver <URLPattern list> (admin:admin) 'admin/'>
2018-12-19 09:50:44,267 [Thread-2:42680] [django.server:136] [basehttp:log_message] [WARNING]- "GET /images/a2.jpg HTTP/1.1" 404 2092
2018-12-19 09:50:44,275 [Thread-2:42680] [django.template:872] [base:_resolve_lookup] [DEBUG]- Exception while resolving variable 'name' in template 'unknown'.
Traceback (most recent call last):
  File "D:\python_env\blog\lib\site-packages\django\core\handlers\exception.py", line 34, in inner
    response = get_response(request)
  File "D:\python_env\blog\lib\site-packages\django\core\handlers\base.py", line 111, in _get_response
    resolver_match = resolver.resolve(request.path_info)
  File "D:\python_env\blog\lib\site-packages\django\urls\resolvers.py", line 520, in resolve
    raise Resolver404({'tried': tried, 'path': new_path})
django.urls.exceptions.Resolver404: {'tried': [[<URLResolver <URLPattern list> (admin:admin) 'admin/'>], [<URLPattern '^$' [name='index']>]], 'path': 'images/a3.jpg'}

During handling of the above exception, another exception occurred:

Traceback (most recent call last):
  File "D:\python_env\blog\lib\site-packages\django\template\base.py", line 829, in _resolve_lookup
    current = current[bit]
TypeError: 'URLResolver' object is not subscriptable

During handling of the above exception, another exception occurred:

Traceback (most recent call last):
  File "D:\python_env\blog\lib\site-packages\django\template\base.py", line 837, in _resolve_lookup
    current = getattr(current, bit)
AttributeError: 'URLResolver' object has no attribute 'name'

During handling of the above exception, another exception occurred:

Traceback (most recent call last):
  File "D:\python_env\blog\lib\site-packages\django\template\base.py", line 843, in _resolve_lookup
    current = current[int(bit)]
ValueError: invalid literal for int() with base 10: 'name'

During handling of the above exception, another exception occurred:

Traceback (most recent call last):
  File "D:\python_env\blog\lib\site-packages\django\template\base.py", line 850, in _resolve_lookup
    (bit, current))  # missing attribute
django.template.base.VariableDoesNotExist: Failed lookup for key [name] in <URLResolver <URLPattern list> (admin:admin) 'admin/'>
2018-12-19 09:50:44,278 [Thread-2:42680] [django.server:136] [basehttp:log_message] [WARNING]- "GET /images/a3.jpg HTTP/1.1" 404 2092
2018-12-19 09:50:44,285 [Thread-2:42680] [django.template:872] [base:_resolve_lookup] [DEBUG]- Exception while resolving variable 'name' in template 'unknown'.
Traceback (most recent call last):
  File "D:\python_env\blog\lib\site-packages\django\core\handlers\exception.py", line 34, in inner
    response = get_response(request)
  File "D:\python_env\blog\lib\site-packages\django\core\handlers\base.py", line 111, in _get_response
    resolver_match = resolver.resolve(request.path_info)
  File "D:\python_env\blog\lib\site-packages\django\urls\resolvers.py", line 520, in resolve
    raise Resolver404({'tried': tried, 'path': new_path})
django.urls.exceptions.Resolver404: {'tried': [[<URLResolver <URLPattern list> (admin:admin) 'admin/'>], [<URLPattern '^$' [name='index']>]], 'path': 'images/a4.jpg'}

During handling of the above exception, another exception occurred:

Traceback (most recent call last):
  File "D:\python_env\blog\lib\site-packages\django\template\base.py", line 829, in _resolve_lookup
    current = current[bit]
TypeError: 'URLResolver' object is not subscriptable

During handling of the above exception, another exception occurred:

Traceback (most recent call last):
  File "D:\python_env\blog\lib\site-packages\django\template\base.py", line 837, in _resolve_lookup
    current = getattr(current, bit)
AttributeError: 'URLResolver' object has no attribute 'name'

During handling of the above exception, another exception occurred:

Traceback (most recent call last):
  File "D:\python_env\blog\lib\site-packages\django\template\base.py", line 843, in _resolve_lookup
    current = current[int(bit)]
ValueError: invalid literal for int() with base 10: 'name'

During handling of the above exception, another exception occurred:

Traceback (most recent call last):
  File "D:\python_env\blog\lib\site-packages\django\template\base.py", line 850, in _resolve_lookup
    (bit, current))  # missing attribute
django.template.base.VariableDoesNotExist: Failed lookup for key [name] in <URLResolver <URLPattern list> (admin:admin) 'admin/'>
2018-12-19 09:50:44,287 [Thread-2:42680] [django.server:136] [basehttp:log_message] [WARNING]- "GET /images/a4.jpg HTTP/1.1" 404 2092
2018-12-19 09:50:59,067 [Thread-2:42680] [my_blog.views:20] [views:index] [ERROR]- [Errno 2] No such file or directory: './test'
2018-12-19 09:50:59,081 [Thread-2:42680] [django.server:136] [basehttp:log_message] [INFO]- "GET / HTTP/1.1" 200 14943
2018-12-19 09:50:59,107 [Thread-2:42680] [django.template:872] [base:_resolve_lookup] [DEBUG]- Exception while resolving variable 'name' in template 'unknown'.
Traceback (most recent call last):
  File "D:\python_env\blog\lib\site-packages\django\core\handlers\exception.py", line 34, in inner
    response = get_response(request)
  File "D:\python_env\blog\lib\site-packages\django\core\handlers\base.py", line 111, in _get_response
    resolver_match = resolver.resolve(request.path_info)
  File "D:\python_env\blog\lib\site-packages\django\urls\resolvers.py", line 520, in resolve
    raise Resolver404({'tried': tried, 'path': new_path})
django.urls.exceptions.Resolver404: {'tried': [[<URLResolver <URLPattern list> (admin:admin) 'admin/'>], [<URLPattern '^$' [name='index']>]], 'path': 'images/a1.jpg'}

During handling of the above exception, another exception occurred:

Traceback (most recent call last):
  File "D:\python_env\blog\lib\site-packages\django\template\base.py", line 829, in _resolve_lookup
    current = current[bit]
TypeError: 'URLResolver' object is not subscriptable

During handling of the above exception, another exception occurred:

Traceback (most recent call last):
  File "D:\python_env\blog\lib\site-packages\django\template\base.py", line 837, in _resolve_lookup
    current = getattr(current, bit)
AttributeError: 'URLResolver' object has no attribute 'name'

During handling of the above exception, another exception occurred:

Traceback (most recent call last):
  File "D:\python_env\blog\lib\site-packages\django\template\base.py", line 843, in _resolve_lookup
    current = current[int(bit)]
ValueError: invalid literal for int() with base 10: 'name'

During handling of the above exception, another exception occurred:

Traceback (most recent call last):
  File "D:\python_env\blog\lib\site-packages\django\template\base.py", line 850, in _resolve_lookup
    (bit, current))  # missing attribute
django.template.base.VariableDoesNotExist: Failed lookup for key [name] in <URLResolver <URLPattern list> (admin:admin) 'admin/'>
2018-12-19 09:50:59,110 [Thread-2:42680] [django.server:136] [basehttp:log_message] [WARNING]- "GET /images/a1.jpg HTTP/1.1" 404 2092
2018-12-19 09:50:59,116 [Thread-2:42680] [django.template:872] [base:_resolve_lookup] [DEBUG]- Exception while resolving variable 'name' in template 'unknown'.
Traceback (most recent call last):
  File "D:\python_env\blog\lib\site-packages\django\core\handlers\exception.py", line 34, in inner
    response = get_response(request)
  File "D:\python_env\blog\lib\site-packages\django\core\handlers\base.py", line 111, in _get_response
    resolver_match = resolver.resolve(request.path_info)
  File "D:\python_env\blog\lib\site-packages\django\urls\resolvers.py", line 520, in resolve
    raise Resolver404({'tried': tried, 'path': new_path})
django.urls.exceptions.Resolver404: {'tried': [[<URLResolver <URLPattern list> (admin:admin) 'admin/'>], [<URLPattern '^$' [name='index']>]], 'path': 'images/a2.jpg'}

During handling of the above exception, another exception occurred:

Traceback (most recent call last):
  File "D:\python_env\blog\lib\site-packages\django\template\base.py", line 829, in _resolve_lookup
    current = current[bit]
TypeError: 'URLResolver' object is not subscriptable

During handling of the above exception, another exception occurred:

Traceback (most recent call last):
  File "D:\python_env\blog\lib\site-packages\django\template\base.py", line 837, in _resolve_lookup
    current = getattr(current, bit)
AttributeError: 'URLResolver' object has no attribute 'name'

During handling of the above exception, another exception occurred:

Traceback (most recent call last):
  File "D:\python_env\blog\lib\site-packages\django\template\base.py", line 843, in _resolve_lookup
    current = current[int(bit)]
ValueError: invalid literal for int() with base 10: 'name'

During handling of the above exception, another exception occurred:

Traceback (most recent call last):
  File "D:\python_env\blog\lib\site-packages\django\template\base.py", line 850, in _resolve_lookup
    (bit, current))  # missing attribute
django.template.base.VariableDoesNotExist: Failed lookup for key [name] in <URLResolver <URLPattern list> (admin:admin) 'admin/'>
2018-12-19 09:50:59,118 [Thread-2:42680] [django.server:136] [basehttp:log_message] [WARNING]- "GET /images/a2.jpg HTTP/1.1" 404 2092
2018-12-19 09:50:59,125 [Thread-2:42680] [django.template:872] [base:_resolve_lookup] [DEBUG]- Exception while resolving variable 'name' in template 'unknown'.
Traceback (most recent call last):
  File "D:\python_env\blog\lib\site-packages\django\core\handlers\exception.py", line 34, in inner
    response = get_response(request)
  File "D:\python_env\blog\lib\site-packages\django\core\handlers\base.py", line 111, in _get_response
    resolver_match = resolver.resolve(request.path_info)
  File "D:\python_env\blog\lib\site-packages\django\urls\resolvers.py", line 520, in resolve
    raise Resolver404({'tried': tried, 'path': new_path})
django.urls.exceptions.Resolver404: {'tried': [[<URLResolver <URLPattern list> (admin:admin) 'admin/'>], [<URLPattern '^$' [name='index']>]], 'path': 'images/a3.jpg'}

During handling of the above exception, another exception occurred:

Traceback (most recent call last):
  File "D:\python_env\blog\lib\site-packages\django\template\base.py", line 829, in _resolve_lookup
    current = current[bit]
TypeError: 'URLResolver' object is not subscriptable

During handling of the above exception, another exception occurred:

Traceback (most recent call last):
  File "D:\python_env\blog\lib\site-packages\django\template\base.py", line 837, in _resolve_lookup
    current = getattr(current, bit)
AttributeError: 'URLResolver' object has no attribute 'name'

During handling of the above exception, another exception occurred:

Traceback (most recent call last):
  File "D:\python_env\blog\lib\site-packages\django\template\base.py", line 843, in _resolve_lookup
    current = current[int(bit)]
ValueError: invalid literal for int() with base 10: 'name'

During handling of the above exception, another exception occurred:

Traceback (most recent call last):
  File "D:\python_env\blog\lib\site-packages\django\template\base.py", line 850, in _resolve_lookup
    (bit, current))  # missing attribute
django.template.base.VariableDoesNotExist: Failed lookup for key [name] in <URLResolver <URLPattern list> (admin:admin) 'admin/'>
2018-12-19 09:50:59,127 [Thread-2:42680] [django.server:136] [basehttp:log_message] [WARNING]- "GET /images/a3.jpg HTTP/1.1" 404 2092
2018-12-19 09:50:59,133 [Thread-2:42680] [django.template:872] [base:_resolve_lookup] [DEBUG]- Exception while resolving variable 'name' in template 'unknown'.
Traceback (most recent call last):
  File "D:\python_env\blog\lib\site-packages\django\core\handlers\exception.py", line 34, in inner
    response = get_response(request)
  File "D:\python_env\blog\lib\site-packages\django\core\handlers\base.py", line 111, in _get_response
    resolver_match = resolver.resolve(request.path_info)
  File "D:\python_env\blog\lib\site-packages\django\urls\resolvers.py", line 520, in resolve
    raise Resolver404({'tried': tried, 'path': new_path})
django.urls.exceptions.Resolver404: {'tried': [[<URLResolver <URLPattern list> (admin:admin) 'admin/'>], [<URLPattern '^$' [name='index']>]], 'path': 'images/a4.jpg'}

During handling of the above exception, another exception occurred:

Traceback (most recent call last):
  File "D:\python_env\blog\lib\site-packages\django\template\base.py", line 829, in _resolve_lookup
    current = current[bit]
TypeError: 'URLResolver' object is not subscriptable

During handling of the above exception, another exception occurred:

Traceback (most recent call last):
  File "D:\python_env\blog\lib\site-packages\django\template\base.py", line 837, in _resolve_lookup
    current = getattr(current, bit)
AttributeError: 'URLResolver' object has no attribute 'name'

During handling of the above exception, another exception occurred:

Traceback (most recent call last):
  File "D:\python_env\blog\lib\site-packages\django\template\base.py", line 843, in _resolve_lookup
    current = current[int(bit)]
ValueError: invalid literal for int() with base 10: 'name'

During handling of the above exception, another exception occurred:

Traceback (most recent call last):
  File "D:\python_env\blog\lib\site-packages\django\template\base.py", line 850, in _resolve_lookup
    (bit, current))  # missing attribute
django.template.base.VariableDoesNotExist: Failed lookup for key [name] in <URLResolver <URLPattern list> (admin:admin) 'admin/'>
2018-12-19 09:50:59,135 [Thread-2:42680] [django.server:136] [basehttp:log_message] [WARNING]- "GET /images/a4.jpg HTTP/1.1" 404 2092
2018-12-19 09:51:32,449 [Dummy-1:47624] [django.db.backends:111] [utils:execute] [DEBUG]- (0.000) 
            SELECT name, type FROM sqlite_master
            WHERE type in ('table', 'view') AND NOT name='sqlite_sequence'
            ORDER BY name; args=None
2018-12-19 09:57:17,447 [Dummy-1:63576] [django.db.backends:111] [utils:execute] [DEBUG]- (0.002) 
            SELECT name, type FROM sqlite_master
            WHERE type in ('table', 'view') AND NOT name='sqlite_sequence'
            ORDER BY name; args=None
2018-12-19 12:32:48,101 [Dummy-1:66708] [django.db.backends:111] [utils:execute] [DEBUG]- (0.000) 
            SELECT name, type FROM sqlite_master
            WHERE type in ('table', 'view') AND NOT name='sqlite_sequence'
            ORDER BY name; args=None
2018-12-19 12:33:00,781 [Dummy-1:61640] [django.db.backends:111] [utils:execute] [DEBUG]- (0.001) 
            SELECT name, type FROM sqlite_master
            WHERE type in ('table', 'view') AND NOT name='sqlite_sequence'
            ORDER BY name; args=None
2018-12-19 12:33:11,430 [Dummy-1:67520] [django.db.backends:111] [utils:execute] [DEBUG]- (0.001) 
            SELECT name, type FROM sqlite_master
            WHERE type in ('table', 'view') AND NOT name='sqlite_sequence'
            ORDER BY name; args=None
2018-12-19 12:33:26,289 [Dummy-1:67096] [django.db.backends:111] [utils:execute] [DEBUG]- (0.001) 
            SELECT name, type FROM sqlite_master
            WHERE type in ('table', 'view') AND NOT name='sqlite_sequence'
            ORDER BY name; args=None
2018-12-19 12:33:51,301 [Dummy-1:66984] [django.db.backends:111] [utils:execute] [DEBUG]- (0.000) 
            SELECT name, type FROM sqlite_master
            WHERE type in ('table', 'view') AND NOT name='sqlite_sequence'
            ORDER BY name; args=None
2018-12-19 12:34:12,744 [Dummy-1:68172] [django.db.backends:111] [utils:execute] [DEBUG]- (0.001) 
            SELECT name, type FROM sqlite_master
            WHERE type in ('table', 'view') AND NOT name='sqlite_sequence'
            ORDER BY name; args=None
2018-12-19 12:34:25,833 [Dummy-1:63268] [django.db.backends:111] [utils:execute] [DEBUG]- (0.000) 
            SELECT name, type FROM sqlite_master
            WHERE type in ('table', 'view') AND NOT name='sqlite_sequence'
            ORDER BY name; args=None
2018-12-19 12:34:29,851 [Dummy-1:68472] [django.db.backends:111] [utils:execute] [DEBUG]- (0.000) 
            SELECT name, type FROM sqlite_master
            WHERE type in ('table', 'view') AND NOT name='sqlite_sequence'
            ORDER BY name; args=None
2018-12-19 12:39:41,380 [Dummy-1:68228] [django.db.backends:111] [utils:execute] [DEBUG]- (0.000) 
            SELECT name, type FROM sqlite_master
            WHERE type in ('table', 'view') AND NOT name='sqlite_sequence'
            ORDER BY name; args=None
2018-12-19 12:43:01,390 [Dummy-1:38992] [django.db.backends:111] [utils:execute] [DEBUG]- (0.000) 
            SELECT name, type FROM sqlite_master
            WHERE type in ('table', 'view') AND NOT name='sqlite_sequence'
            ORDER BY name; args=None
2018-12-19 12:44:07,920 [Dummy-1:67892] [django.db.backends:111] [utils:execute] [DEBUG]- (0.001) 
            SELECT name, type FROM sqlite_master
            WHERE type in ('table', 'view') AND NOT name='sqlite_sequence'
            ORDER BY name; args=None
2018-12-19 12:44:52,891 [Dummy-1:67664] [django.db.backends:111] [utils:execute] [DEBUG]- (0.000) 
            SELECT name, type FROM sqlite_master
            WHERE type in ('table', 'view') AND NOT name='sqlite_sequence'
            ORDER BY name; args=None
2018-12-19 13:29:37,691 [MainThread:1724] [django.db.backends:111] [utils:execute] [DEBUG]- (0.030) None; args=None
2018-12-19 13:29:37,732 [MainThread:1724] [django.db.backends:111] [utils:execute] [DEBUG]- (0.030) None; args=None
2018-12-19 13:29:37,764 [MainThread:1724] [django.db.backends:111] [utils:execute] [DEBUG]- (0.031) None; args=None
2018-12-19 13:31:08,217 [MainThread:40876] [django.db.backends:111] [utils:execute] [DEBUG]- (0.030) None; args=None
2018-12-19 13:31:08,247 [MainThread:40876] [django.db.backends:111] [utils:execute] [DEBUG]- (0.030) None; args=None
2018-12-19 13:31:08,280 [MainThread:40876] [django.db.backends:111] [utils:execute] [DEBUG]- (0.032) None; args=None
2018-12-19 13:31:08,368 [MainThread:40876] [django.db.backends:111] [utils:execute] [DEBUG]- (0.031) None; args=None
2018-12-19 13:31:08,398 [MainThread:40876] [django.db.backends:111] [utils:execute] [DEBUG]- (0.030) None; args=None
2018-12-19 13:31:08,430 [MainThread:40876] [django.db.backends:111] [utils:execute] [DEBUG]- (0.030) None; args=None
2018-12-19 13:31:08,431 [MainThread:40876] [django.db.backends.schema:124] [schema:execute] [DEBUG]- CREATE TABLE `django_migrations` (`id` integer AUTO_INCREMENT NOT NULL PRIMARY KEY, `app` varchar(255) NOT NULL, `name` varchar(255) NOT NULL, `applied` datetime(6) NOT NULL); (params None)
2018-12-19 13:31:08,477 [MainThread:40876] [django.db.backends:111] [utils:execute] [DEBUG]- (0.046) None; args=None
2018-12-19 13:31:08,509 [MainThread:40876] [django.db.backends:111] [utils:execute] [DEBUG]- (0.031) None; args=['django_migrations']
2018-12-19 13:31:08,539 [MainThread:40876] [django.db.backends:111] [utils:execute] [DEBUG]- (0.030) None; args=['django_migrations']
2018-12-19 13:31:08,570 [MainThread:40876] [django.db.backends:111] [utils:execute] [DEBUG]- (0.030) None; args=['django_migrations']
2018-12-19 13:31:08,600 [MainThread:40876] [django.db.backends:111] [utils:execute] [DEBUG]- (0.030) None; args=['django_migrations']
2018-12-19 13:31:08,602 [MainThread:40876] [django.db.backends.schema:124] [schema:execute] [DEBUG]- CREATE TABLE `django_content_type` (`id` integer AUTO_INCREMENT NOT NULL PRIMARY KEY, `name` varchar(100) NOT NULL, `app_label` varchar(100) NOT NULL, `model` varchar(100) NOT NULL); (params None)
2018-12-19 13:31:08,648 [MainThread:40876] [django.db.backends:111] [utils:execute] [DEBUG]- (0.045) None; args=None
2018-12-19 13:31:08,679 [MainThread:40876] [django.db.backends:111] [utils:execute] [DEBUG]- (0.031) None; args=['django_content_type']
2018-12-19 13:31:08,711 [MainThread:40876] [django.db.backends:111] [utils:execute] [DEBUG]- (0.031) None; args=['django_content_type']
2018-12-19 13:31:08,743 [MainThread:40876] [django.db.backends:111] [utils:execute] [DEBUG]- (0.032) None; args=['django_content_type']
2018-12-19 13:31:08,774 [MainThread:40876] [django.db.backends:111] [utils:execute] [DEBUG]- (0.031) None; args=['django_content_type']
2018-12-19 13:31:08,790 [MainThread:40876] [django.db.backends.schema:124] [schema:execute] [DEBUG]- ALTER TABLE `django_content_type` ADD CONSTRAINT `django_content_type_app_label_model_76bd3d3b_uniq` UNIQUE (`app_label`, `model`); (params ())
2018-12-19 13:31:08,837 [MainThread:40876] [django.db.backends:111] [utils:execute] [DEBUG]- (0.047) None; args=()
2018-12-19 13:31:08,868 [MainThread:40876] [django.db.backends:111] [utils:execute] [DEBUG]- (0.030) None; args=None
2018-12-19 13:31:09,097 [MainThread:40876] [django.db.backends:111] [utils:execute] [DEBUG]- (0.031) None; args=['contenttypes', '0001_initial', '2018-12-19 05:31:08.868807']
2018-12-19 13:31:09,163 [MainThread:40876] [django.db.backends.schema:124] [schema:execute] [DEBUG]- ALTER TABLE `django_content_type` MODIFY `name` varchar(100) NULL; (params [])
2018-12-19 13:31:09,221 [MainThread:40876] [django.db.backends:111] [utils:execute] [DEBUG]- (0.058) None; args=[]
2018-12-19 13:31:09,314 [MainThread:40876] [django.db.backends.schema:124] [schema:execute] [DEBUG]- ALTER TABLE `django_content_type` DROP COLUMN `name`; (params ())
2018-12-19 13:31:09,369 [MainThread:40876] [django.db.backends:111] [utils:execute] [DEBUG]- (0.055) None; args=()
2018-12-19 13:31:09,401 [MainThread:40876] [django.db.backends:111] [utils:execute] [DEBUG]- (0.031) None; args=None
2018-12-19 13:31:09,462 [MainThread:40876] [django.db.backends:111] [utils:execute] [DEBUG]- (0.030) None; args=['contenttypes', '0002_remove_content_type_name', '2018-12-19 05:31:09.401837']
2018-12-19 13:31:09,534 [MainThread:40876] [django.db.backends.schema:124] [schema:execute] [DEBUG]- CREATE TABLE `auth_permission` (`id` integer AUTO_INCREMENT NOT NULL PRIMARY KEY, `name` varchar(50) NOT NULL, `content_type_id` integer NOT NULL, `codename` varchar(100) NOT NULL); (params None)
2018-12-19 13:31:09,581 [MainThread:40876] [django.db.backends:111] [utils:execute] [DEBUG]- (0.046) None; args=None
2018-12-19 13:31:09,613 [MainThread:40876] [django.db.backends:111] [utils:execute] [DEBUG]- (0.032) None; args=['auth_permission']
2018-12-19 13:31:09,644 [MainThread:40876] [django.db.backends:111] [utils:execute] [DEBUG]- (0.030) None; args=['auth_permission']
2018-12-19 13:31:09,675 [MainThread:40876] [django.db.backends:111] [utils:execute] [DEBUG]- (0.031) None; args=['auth_permission']
2018-12-19 13:31:09,706 [MainThread:40876] [django.db.backends:111] [utils:execute] [DEBUG]- (0.031) None; args=['auth_permission']
2018-12-19 13:31:09,709 [MainThread:40876] [django.db.backends.schema:124] [schema:execute] [DEBUG]- CREATE TABLE `auth_group` (`id` integer AUTO_INCREMENT NOT NULL PRIMARY KEY, `name` varchar(80) NOT NULL UNIQUE); (params None)
2018-12-19 13:31:09,757 [MainThread:40876] [django.db.backends:111] [utils:execute] [DEBUG]- (0.048) None; args=None
2018-12-19 13:31:09,788 [MainThread:40876] [django.db.backends:111] [utils:execute] [DEBUG]- (0.030) None; args=['auth_group']
2018-12-19 13:31:09,821 [MainThread:40876] [django.db.backends:111] [utils:execute] [DEBUG]- (0.031) None; args=['auth_group']
2018-12-19 13:31:09,822 [MainThread:40876] [django.db.backends.schema:124] [schema:execute] [DEBUG]- CREATE TABLE `auth_group_permissions` (`id` integer AUTO_INCREMENT NOT NULL PRIMARY KEY, `group_id` integer NOT NULL, `permission_id` integer NOT NULL); (params None)
2018-12-19 13:31:09,868 [MainThread:40876] [django.db.backends:111] [utils:execute] [DEBUG]- (0.046) None; args=None
2018-12-19 13:31:09,900 [MainThread:40876] [django.db.backends:111] [utils:execute] [DEBUG]- (0.031) None; args=['auth_group_permissions']
2018-12-19 13:31:09,931 [MainThread:40876] [django.db.backends:111] [utils:execute] [DEBUG]- (0.031) None; args=['auth_group_permissions']
2018-12-19 13:31:09,962 [MainThread:40876] [django.db.backends:111] [utils:execute] [DEBUG]- (0.030) None; args=['auth_group_permissions']
2018-12-19 13:31:09,972 [MainThread:40876] [django.db.backends.schema:124] [schema:execute] [DEBUG]- ALTER TABLE `auth_permission` ADD CONSTRAINT `auth_permission_content_type_id_2f476e4b_fk_django_co` FOREIGN KEY (`content_type_id`) REFERENCES `django_content_type` (`id`); (params ())
2018-12-19 13:31:10,041 [MainThread:40876] [django.db.backends:111] [utils:execute] [DEBUG]- (0.068) None; args=()
2018-12-19 13:31:10,041 [MainThread:40876] [django.db.backends.schema:124] [schema:execute] [DEBUG]- ALTER TABLE `auth_permission` ADD CONSTRAINT `auth_permission_content_type_id_codename_01ab375a_uniq` UNIQUE (`content_type_id`, `codename`); (params ())
2018-12-19 13:31:10,089 [MainThread:40876] [django.db.backends:111] [utils:execute] [DEBUG]- (0.047) None; args=()
2018-12-19 13:31:10,089 [MainThread:40876] [django.db.backends.schema:124] [schema:execute] [DEBUG]- ALTER TABLE `auth_group_permissions` ADD CONSTRAINT `auth_group_permissions_group_id_b120cbf9_fk_auth_group_id` FOREIGN KEY (`group_id`) REFERENCES `auth_group` (`id`); (params ())
2018-12-19 13:31:10,152 [MainThread:40876] [django.db.backends:111] [utils:execute] [DEBUG]- (0.063) None; args=()
2018-12-19 13:31:10,153 [MainThread:40876] [django.db.backends.schema:124] [schema:execute] [DEBUG]- ALTER TABLE `auth_group_permissions` ADD CONSTRAINT `auth_group_permissio_permission_id_84c5c92e_fk_auth_perm` FOREIGN KEY (`permission_id`) REFERENCES `auth_permission` (`id`); (params ())
2018-12-19 13:31:10,218 [MainThread:40876] [django.db.backends:111] [utils:execute] [DEBUG]- (0.065) None; args=()
2018-12-19 13:31:10,219 [MainThread:40876] [django.db.backends.schema:124] [schema:execute] [DEBUG]- ALTER TABLE `auth_group_permissions` ADD CONSTRAINT `auth_group_permissions_group_id_permission_id_0cd325b0_uniq` UNIQUE (`group_id`, `permission_id`); (params ())
2018-12-19 13:31:10,265 [MainThread:40876] [django.db.backends:111] [utils:execute] [DEBUG]- (0.046) None; args=()
2018-12-19 13:31:10,297 [MainThread:40876] [django.db.backends:111] [utils:execute] [DEBUG]- (0.030) None; args=None
2018-12-19 13:31:10,360 [MainThread:40876] [django.db.backends:111] [utils:execute] [DEBUG]- (0.030) None; args=['auth', '0001_initial', '2018-12-19 05:31:10.298888']
2018-12-19 13:31:10,431 [MainThread:40876] [django.db.backends.schema:124] [schema:execute] [DEBUG]- ALTER TABLE `auth_permission` MODIFY `name` varchar(255) NOT NULL; (params [])
2018-12-19 13:31:10,496 [MainThread:40876] [django.db.backends:111] [utils:execute] [DEBUG]- (0.065) None; args=[]
2018-12-19 13:31:10,527 [MainThread:40876] [django.db.backends:111] [utils:execute] [DEBUG]- (0.031) None; args=None
2018-12-19 13:31:10,588 [MainThread:40876] [django.db.backends:111] [utils:execute] [DEBUG]- (0.030) None; args=['auth', '0002_alter_permission_name_max_length', '2018-12-19 05:31:10.527901']
2018-12-19 13:31:10,689 [MainThread:40876] [django.db.backends:111] [utils:execute] [DEBUG]- (0.030) None; args=None
2018-12-19 13:31:10,750 [MainThread:40876] [django.db.backends:111] [utils:execute] [DEBUG]- (0.030) None; args=['auth', '0003_alter_user_email_max_length', '2018-12-19 05:31:10.690911']
2018-12-19 13:31:10,851 [MainThread:40876] [django.db.backends:111] [utils:execute] [DEBUG]- (0.031) None; args=None
2018-12-19 13:31:10,912 [MainThread:40876] [django.db.backends:111] [utils:execute] [DEBUG]- (0.030) None; args=['auth', '0004_alter_user_username_opts', '2018-12-19 05:31:10.851920']
2018-12-19 13:31:11,011 [MainThread:40876] [django.db.backends:111] [utils:execute] [DEBUG]- (0.030) None; args=None
2018-12-19 13:31:11,072 [MainThread:40876] [django.db.backends:111] [utils:execute] [DEBUG]- (0.030) None; args=['auth', '0005_alter_user_last_login_null', '2018-12-19 05:31:11.012929']
2018-12-19 13:31:11,165 [MainThread:40876] [django.db.backends:111] [utils:execute] [DEBUG]- (0.030) None; args=None
2018-12-19 13:31:11,227 [MainThread:40876] [django.db.backends:111] [utils:execute] [DEBUG]- (0.030) None; args=['auth', '0006_require_contenttypes_0002', '2018-12-19 05:31:11.166938']
2018-12-19 13:31:11,326 [MainThread:40876] [django.db.backends:111] [utils:execute] [DEBUG]- (0.031) None; args=None
2018-12-19 13:31:11,387 [MainThread:40876] [django.db.backends:111] [utils:execute] [DEBUG]- (0.031) None; args=['auth', '0007_alter_validators_add_error_messages', '2018-12-19 05:31:11.326947']
2018-12-19 13:31:11,490 [MainThread:40876] [django.db.backends:111] [utils:execute] [DEBUG]- (0.030) None; args=None
2018-12-19 13:31:11,551 [MainThread:40876] [django.db.backends:111] [utils:execute] [DEBUG]- (0.030) None; args=['auth', '0008_alter_user_username_max_length', '2018-12-19 05:31:11.491957']
2018-12-19 13:31:11,652 [MainThread:40876] [django.db.backends:111] [utils:execute] [DEBUG]- (0.031) None; args=None
2018-12-19 13:31:11,713 [MainThread:40876] [django.db.backends:111] [utils:execute] [DEBUG]- (0.031) None; args=['auth', '0009_alter_user_last_name_max_length', '2018-12-19 05:31:11.652966']
2018-12-19 13:31:11,781 [MainThread:40876] [django.db.backends.schema:124] [schema:execute] [DEBUG]- CREATE TABLE `my_blog_user` (`id` integer AUTO_INCREMENT NOT NULL PRIMARY KEY, `password` varchar(128) NOT NULL, `last_login` datetime(6) NULL, `is_superuser` bool NOT NULL, `username` varchar(150) NOT NULL UNIQUE, `first_name` varchar(30) NOT NULL, `last_name` varchar(150) NOT NULL, `email` varchar(254) NOT NULL, `is_staff` bool NOT NULL, `is_active` bool NOT NULL, `date_joined` datetime(6) NOT NULL, `avatar` varchar(200) NULL, `qq` varchar(20) NULL, `mobile` varchar(11) NULL UNIQUE); (params None)
2018-12-19 13:31:11,830 [MainThread:40876] [django.db.backends:111] [utils:execute] [DEBUG]- (0.049) None; args=None
2018-12-19 13:31:11,861 [MainThread:40876] [django.db.backends:111] [utils:execute] [DEBUG]- (0.030) None; args=['my_blog_user']
2018-12-19 13:31:11,893 [MainThread:40876] [django.db.backends:111] [utils:execute] [DEBUG]- (0.031) None; args=['my_blog_user']
2018-12-19 13:31:11,923 [MainThread:40876] [django.db.backends:111] [utils:execute] [DEBUG]- (0.030) None; args=['my_blog_user']
2018-12-19 13:31:11,954 [MainThread:40876] [django.db.backends:111] [utils:execute] [DEBUG]- (0.031) None; args=['my_blog_user']
2018-12-19 13:31:11,985 [MainThread:40876] [django.db.backends:111] [utils:execute] [DEBUG]- (0.030) None; args=['my_blog_user']
2018-12-19 13:31:12,016 [MainThread:40876] [django.db.backends:111] [utils:execute] [DEBUG]- (0.031) None; args=['my_blog_user']
2018-12-19 13:31:12,047 [MainThread:40876] [django.db.backends:111] [utils:execute] [DEBUG]- (0.031) None; args=['my_blog_user']
2018-12-19 13:31:12,078 [MainThread:40876] [django.db.backends:111] [utils:execute] [DEBUG]- (0.030) None; args=['my_blog_user']
2018-12-19 13:31:12,108 [MainThread:40876] [django.db.backends:111] [utils:execute] [DEBUG]- (0.030) None; args=['my_blog_user']
2018-12-19 13:31:12,139 [MainThread:40876] [django.db.backends:111] [utils:execute] [DEBUG]- (0.030) None; args=['my_blog_user']
2018-12-19 13:31:12,170 [MainThread:40876] [django.db.backends:111] [utils:execute] [DEBUG]- (0.031) None; args=['my_blog_user']
2018-12-19 13:31:12,203 [MainThread:40876] [django.db.backends:111] [utils:execute] [DEBUG]- (0.031) None; args=['my_blog_user']
2018-12-19 13:31:12,235 [MainThread:40876] [django.db.backends:111] [utils:execute] [DEBUG]- (0.031) None; args=['my_blog_user']
2018-12-19 13:31:12,268 [MainThread:40876] [django.db.backends:111] [utils:execute] [DEBUG]- (0.030) None; args=['my_blog_user']
2018-12-19 13:31:12,270 [MainThread:40876] [django.db.backends.schema:124] [schema:execute] [DEBUG]- CREATE TABLE `my_blog_user_groups` (`id` integer AUTO_INCREMENT NOT NULL PRIMARY KEY, `user_id` integer NOT NULL, `group_id` integer NOT NULL); (params None)
2018-12-19 13:31:12,314 [MainThread:40876] [django.db.backends:111] [utils:execute] [DEBUG]- (0.043) None; args=None
2018-12-19 13:31:12,345 [MainThread:40876] [django.db.backends:111] [utils:execute] [DEBUG]- (0.030) None; args=['my_blog_user_groups']
2018-12-19 13:31:12,376 [MainThread:40876] [django.db.backends:111] [utils:execute] [DEBUG]- (0.030) None; args=['my_blog_user_groups']
2018-12-19 13:31:12,407 [MainThread:40876] [django.db.backends:111] [utils:execute] [DEBUG]- (0.030) None; args=['my_blog_user_groups']
2018-12-19 13:31:12,408 [MainThread:40876] [django.db.backends.schema:124] [schema:execute] [DEBUG]- CREATE TABLE `my_blog_user_user_permissions` (`id` integer AUTO_INCREMENT NOT NULL PRIMARY KEY, `user_id` integer NOT NULL, `permission_id` integer NOT NULL); (params None)
2018-12-19 13:31:12,452 [MainThread:40876] [django.db.backends:111] [utils:execute] [DEBUG]- (0.044) None; args=None
2018-12-19 13:31:12,483 [MainThread:40876] [django.db.backends:111] [utils:execute] [DEBUG]- (0.031) None; args=['my_blog_user_user_permissions']
2018-12-19 13:31:12,513 [MainThread:40876] [django.db.backends:111] [utils:execute] [DEBUG]- (0.030) None; args=['my_blog_user_user_permissions']
2018-12-19 13:31:12,544 [MainThread:40876] [django.db.backends:111] [utils:execute] [DEBUG]- (0.030) None; args=['my_blog_user_user_permissions']
2018-12-19 13:31:12,546 [MainThread:40876] [django.db.backends.schema:124] [schema:execute] [DEBUG]- CREATE TABLE `my_blog_ad` (`id` integer AUTO_INCREMENT NOT NULL PRIMARY KEY, `title` varchar(50) NOT NULL, `description` varchar(200) NOT NULL, `image_url` varchar(100) NOT NULL, `callback_url` varchar(200) NULL, `date_publish` datetime(6) NOT NULL, `index` integer NOT NULL); (params None)
2018-12-19 13:31:12,590 [MainThread:40876] [django.db.backends:111] [utils:execute] [DEBUG]- (0.044) None; args=None
2018-12-19 13:31:12,620 [MainThread:40876] [django.db.backends:111] [utils:execute] [DEBUG]- (0.030) None; args=['my_blog_ad']
2018-12-19 13:31:12,651 [MainThread:40876] [django.db.backends:111] [utils:execute] [DEBUG]- (0.030) None; args=['my_blog_ad']
2018-12-19 13:31:12,682 [MainThread:40876] [django.db.backends:111] [utils:execute] [DEBUG]- (0.030) None; args=['my_blog_ad']
2018-12-19 13:31:12,713 [MainThread:40876] [django.db.backends:111] [utils:execute] [DEBUG]- (0.030) None; args=['my_blog_ad']
2018-12-19 13:31:12,744 [MainThread:40876] [django.db.backends:111] [utils:execute] [DEBUG]- (0.030) None; args=['my_blog_ad']
2018-12-19 13:31:12,774 [MainThread:40876] [django.db.backends:111] [utils:execute] [DEBUG]- (0.030) None; args=['my_blog_ad']
2018-12-19 13:31:12,806 [MainThread:40876] [django.db.backends:111] [utils:execute] [DEBUG]- (0.030) None; args=['my_blog_ad']
2018-12-19 13:31:12,807 [MainThread:40876] [django.db.backends.schema:124] [schema:execute] [DEBUG]- CREATE TABLE `my_blog_article` (`id` integer AUTO_INCREMENT NOT NULL PRIMARY KEY, `title` varchar(50) NOT NULL, `desc` varchar(50) NOT NULL, `content` longtext NOT NULL, `click_count` integer NOT NULL, `is_recommend` bool NOT NULL, `date_publish` datetime(6) NOT NULL); (params None)
2018-12-19 13:31:12,858 [MainThread:40876] [django.db.backends:111] [utils:execute] [DEBUG]- (0.050) None; args=None
2018-12-19 13:31:12,890 [MainThread:40876] [django.db.backends:111] [utils:execute] [DEBUG]- (0.032) None; args=['my_blog_article']
2018-12-19 13:31:12,921 [MainThread:40876] [django.db.backends:111] [utils:execute] [DEBUG]- (0.030) None; args=['my_blog_article']
2018-12-19 13:31:12,952 [MainThread:40876] [django.db.backends:111] [utils:execute] [DEBUG]- (0.030) None; args=['my_blog_article']
2018-12-19 13:31:12,983 [MainThread:40876] [django.db.backends:111] [utils:execute] [DEBUG]- (0.031) None; args=['my_blog_article']
2018-12-19 13:31:13,014 [MainThread:40876] [django.db.backends:111] [utils:execute] [DEBUG]- (0.031) None; args=['my_blog_article']
2018-12-19 13:31:13,045 [MainThread:40876] [django.db.backends:111] [utils:execute] [DEBUG]- (0.031) None; args=['my_blog_article']
2018-12-19 13:31:13,075 [MainThread:40876] [django.db.backends:111] [utils:execute] [DEBUG]- (0.030) None; args=['my_blog_article']
2018-12-19 13:31:13,077 [MainThread:40876] [django.db.backends.schema:124] [schema:execute] [DEBUG]- CREATE TABLE `my_blog_category` (`id` integer AUTO_INCREMENT NOT NULL PRIMARY KEY, `name` varchar(30) NOT NULL, `index` integer NOT NULL); (params None)
2018-12-19 13:31:13,125 [MainThread:40876] [django.db.backends:111] [utils:execute] [DEBUG]- (0.047) None; args=None
2018-12-19 13:31:13,156 [MainThread:40876] [django.db.backends:111] [utils:execute] [DEBUG]- (0.030) None; args=['my_blog_category']
2018-12-19 13:31:13,186 [MainThread:40876] [django.db.backends:111] [utils:execute] [DEBUG]- (0.030) None; args=['my_blog_category']
2018-12-19 13:31:13,217 [MainThread:40876] [django.db.backends:111] [utils:execute] [DEBUG]- (0.030) None; args=['my_blog_category']
2018-12-19 13:31:13,226 [MainThread:40876] [django.db.backends.schema:124] [schema:execute] [DEBUG]- CREATE TABLE `my_blog_comment` (`id` integer AUTO_INCREMENT NOT NULL PRIMARY KEY, `content` longtext NOT NULL, `date_publish` datetime(6) NOT NULL, `article_id` integer NULL, `pid_id` integer NULL, `user_id` integer NULL); (params None)
2018-12-19 13:31:13,271 [MainThread:40876] [django.db.backends:111] [utils:execute] [DEBUG]- (0.045) None; args=None
2018-12-19 13:31:13,302 [MainThread:40876] [django.db.backends:111] [utils:execute] [DEBUG]- (0.030) None; args=['my_blog_comment']
2018-12-19 13:31:13,333 [MainThread:40876] [django.db.backends:111] [utils:execute] [DEBUG]- (0.030) None; args=['my_blog_comment']
2018-12-19 13:31:13,364 [MainThread:40876] [django.db.backends:111] [utils:execute] [DEBUG]- (0.031) None; args=['my_blog_comment']
2018-12-19 13:31:13,394 [MainThread:40876] [django.db.backends:111] [utils:execute] [DEBUG]- (0.030) None; args=['my_blog_comment']
2018-12-19 13:31:13,425 [MainThread:40876] [django.db.backends:111] [utils:execute] [DEBUG]- (0.030) None; args=['my_blog_comment']
2018-12-19 13:31:13,456 [MainThread:40876] [django.db.backends:111] [utils:execute] [DEBUG]- (0.030) None; args=['my_blog_comment']
2018-12-19 13:31:13,458 [MainThread:40876] [django.db.backends.schema:124] [schema:execute] [DEBUG]- CREATE TABLE `my_blog_links` (`id` integer AUTO_INCREMENT NOT NULL PRIMARY KEY, `title` varchar(50) NOT NULL, `description` varchar(200) NOT NULL, `callback_url` varchar(200) NOT NULL, `date_publish` datetime(6) NOT NULL, `index` integer NOT NULL); (params None)
2018-12-19 13:31:13,512 [MainThread:40876] [django.db.backends:111] [utils:execute] [DEBUG]- (0.053) None; args=None
2018-12-19 13:31:13,543 [MainThread:40876] [django.db.backends:111] [utils:execute] [DEBUG]- (0.031) None; args=['my_blog_links']
2018-12-19 13:31:13,574 [MainThread:40876] [django.db.backends:111] [utils:execute] [DEBUG]- (0.030) None; args=['my_blog_links']
2018-12-19 13:31:13,604 [MainThread:40876] [django.db.backends:111] [utils:execute] [DEBUG]- (0.030) None; args=['my_blog_links']
2018-12-19 13:31:13,636 [MainThread:40876] [django.db.backends:111] [utils:execute] [DEBUG]- (0.031) None; args=['my_blog_links']
2018-12-19 13:31:13,667 [MainThread:40876] [django.db.backends:111] [utils:execute] [DEBUG]- (0.031) None; args=['my_blog_links']
2018-12-19 13:31:13,697 [MainThread:40876] [django.db.backends:111] [utils:execute] [DEBUG]- (0.030) None; args=['my_blog_links']
2018-12-19 13:31:13,699 [MainThread:40876] [django.db.backends.schema:124] [schema:execute] [DEBUG]- CREATE TABLE `my_blog_tag` (`id` integer AUTO_INCREMENT NOT NULL PRIMARY KEY, `name` varchar(30) NOT NULL); (params None)
2018-12-19 13:31:13,745 [MainThread:40876] [django.db.backends:111] [utils:execute] [DEBUG]- (0.045) None; args=None
2018-12-19 13:31:13,777 [MainThread:40876] [django.db.backends:111] [utils:execute] [DEBUG]- (0.032) None; args=['my_blog_tag']
2018-12-19 13:31:13,808 [MainThread:40876] [django.db.backends:111] [utils:execute] [DEBUG]- (0.031) None; args=['my_blog_tag']
2018-12-19 13:31:13,815 [MainThread:40876] [django.db.backends.schema:124] [schema:execute] [DEBUG]- ALTER TABLE `my_blog_article` ADD COLUMN `category_id` integer NULL; (params [])
2018-12-19 13:31:13,870 [MainThread:40876] [django.db.backends:111] [utils:execute] [DEBUG]- (0.054) None; args=[]
2018-12-19 13:31:13,902 [MainThread:40876] [django.db.backends:111] [utils:execute] [DEBUG]- (0.031) None; args=['my_blog_article']
2018-12-19 13:31:13,922 [MainThread:40876] [django.db.backends.schema:124] [schema:execute] [DEBUG]- CREATE TABLE `my_blog_article_tag` (`id` integer AUTO_INCREMENT NOT NULL PRIMARY KEY, `article_id` integer NOT NULL, `tag_id` integer NOT NULL); (params None)
2018-12-19 13:31:13,968 [MainThread:40876] [django.db.backends:111] [utils:execute] [DEBUG]- (0.045) None; args=None
2018-12-19 13:31:14,000 [MainThread:40876] [django.db.backends:111] [utils:execute] [DEBUG]- (0.030) None; args=['my_blog_article_tag']
2018-12-19 13:31:14,030 [MainThread:40876] [django.db.backends:111] [utils:execute] [DEBUG]- (0.030) None; args=['my_blog_article_tag']
2018-12-19 13:31:14,061 [MainThread:40876] [django.db.backends:111] [utils:execute] [DEBUG]- (0.030) None; args=['my_blog_article_tag']
2018-12-19 13:31:14,069 [MainThread:40876] [django.db.backends.schema:124] [schema:execute] [DEBUG]- ALTER TABLE `my_blog_article` ADD COLUMN `user_id` integer NOT NULL; (params [])
2018-12-19 13:31:14,127 [MainThread:40876] [django.db.backends:111] [utils:execute] [DEBUG]- (0.057) None; args=[]
2018-12-19 13:31:14,158 [MainThread:40876] [django.db.backends:111] [utils:execute] [DEBUG]- (0.031) None; args=['my_blog_article']
2018-12-19 13:31:14,158 [MainThread:40876] [django.db.backends.schema:124] [schema:execute] [DEBUG]- ALTER TABLE `my_blog_user_groups` ADD CONSTRAINT `my_blog_user_groups_user_id_4b9f4958_fk_my_blog_user_id` FOREIGN KEY (`user_id`) REFERENCES `my_blog_user` (`id`); (params ())
2018-12-19 13:31:14,228 [MainThread:40876] [django.db.backends:111] [utils:execute] [DEBUG]- (0.070) None; args=()
2018-12-19 13:31:14,229 [MainThread:40876] [django.db.backends.schema:124] [schema:execute] [DEBUG]- ALTER TABLE `my_blog_user_groups` ADD CONSTRAINT `my_blog_user_groups_group_id_d6fe336c_fk_auth_group_id` FOREIGN KEY (`group_id`) REFERENCES `auth_group` (`id`); (params ())
2018-12-19 13:31:14,300 [MainThread:40876] [django.db.backends:111] [utils:execute] [DEBUG]- (0.071) None; args=()
2018-12-19 13:31:14,300 [MainThread:40876] [django.db.backends.schema:124] [schema:execute] [DEBUG]- ALTER TABLE `my_blog_user_groups` ADD CONSTRAINT `my_blog_user_groups_user_id_group_id_7c9ce3e8_uniq` UNIQUE (`user_id`, `group_id`); (params ())
2018-12-19 13:31:14,344 [MainThread:40876] [django.db.backends:111] [utils:execute] [DEBUG]- (0.044) None; args=()
2018-12-19 13:31:14,345 [MainThread:40876] [django.db.backends.schema:124] [schema:execute] [DEBUG]- ALTER TABLE `my_blog_user_user_permissions` ADD CONSTRAINT `my_blog_user_user_pe_user_id_3119f650_fk_my_blog_u` FOREIGN KEY (`user_id`) REFERENCES `my_blog_user` (`id`); (params ())
2018-12-19 13:31:14,410 [MainThread:40876] [django.db.backends:111] [utils:execute] [DEBUG]- (0.065) None; args=()
2018-12-19 13:31:14,410 [MainThread:40876] [django.db.backends.schema:124] [schema:execute] [DEBUG]- ALTER TABLE `my_blog_user_user_permissions` ADD CONSTRAINT `my_blog_user_user_pe_permission_id_442c75d6_fk_auth_perm` FOREIGN KEY (`permission_id`) REFERENCES `auth_permission` (`id`); (params ())
2018-12-19 13:31:14,477 [MainThread:40876] [django.db.backends:111] [utils:execute] [DEBUG]- (0.066) None; args=()
2018-12-19 13:31:14,477 [MainThread:40876] [django.db.backends.schema:124] [schema:execute] [DEBUG]- ALTER TABLE `my_blog_user_user_permissions` ADD CONSTRAINT `my_blog_user_user_permis_user_id_permission_id_6f2ecd02_uniq` UNIQUE (`user_id`, `permission_id`); (params ())
2018-12-19 13:31:14,523 [MainThread:40876] [django.db.backends:111] [utils:execute] [DEBUG]- (0.046) None; args=()
2018-12-19 13:31:14,524 [MainThread:40876] [django.db.backends.schema:124] [schema:execute] [DEBUG]- ALTER TABLE `my_blog_comment` ADD CONSTRAINT `my_blog_comment_article_id_fb24935c_fk_my_blog_article_id` FOREIGN KEY (`article_id`) REFERENCES `my_blog_article` (`id`); (params ())
2018-12-19 13:31:14,588 [MainThread:40876] [django.db.backends:111] [utils:execute] [DEBUG]- (0.064) None; args=()
2018-12-19 13:31:14,588 [MainThread:40876] [django.db.backends.schema:124] [schema:execute] [DEBUG]- ALTER TABLE `my_blog_comment` ADD CONSTRAINT `my_blog_comment_pid_id_7d679b4e_fk_my_blog_comment_id` FOREIGN KEY (`pid_id`) REFERENCES `my_blog_comment` (`id`); (params ())
2018-12-19 13:31:14,659 [MainThread:40876] [django.db.backends:111] [utils:execute] [DEBUG]- (0.071) None; args=()
2018-12-19 13:31:14,660 [MainThread:40876] [django.db.backends.schema:124] [schema:execute] [DEBUG]- ALTER TABLE `my_blog_comment` ADD CONSTRAINT `my_blog_comment_user_id_221e0184_fk_my_blog_user_id` FOREIGN KEY (`user_id`) REFERENCES `my_blog_user` (`id`); (params ())
2018-12-19 13:31:14,730 [MainThread:40876] [django.db.backends:111] [utils:execute] [DEBUG]- (0.070) None; args=()
2018-12-19 13:31:14,730 [MainThread:40876] [django.db.backends.schema:124] [schema:execute] [DEBUG]- ALTER TABLE `my_blog_article` ADD CONSTRAINT `my_blog_article_category_id_511be5a8_fk_my_blog_category_id` FOREIGN KEY (`category_id`) REFERENCES `my_blog_category` (`id`); (params ())
2018-12-19 13:31:14,795 [MainThread:40876] [django.db.backends:111] [utils:execute] [DEBUG]- (0.065) None; args=()
2018-12-19 13:31:14,795 [MainThread:40876] [django.db.backends.schema:124] [schema:execute] [DEBUG]- ALTER TABLE `my_blog_article_tag` ADD CONSTRAINT `my_blog_article_tag_article_id_93ed8da7_fk_my_blog_article_id` FOREIGN KEY (`article_id`) REFERENCES `my_blog_article` (`id`); (params ())
2018-12-19 13:31:14,861 [MainThread:40876] [django.db.backends:111] [utils:execute] [DEBUG]- (0.065) None; args=()
2018-12-19 13:31:14,861 [MainThread:40876] [django.db.backends.schema:124] [schema:execute] [DEBUG]- ALTER TABLE `my_blog_article_tag` ADD CONSTRAINT `my_blog_article_tag_tag_id_1b1ad0e8_fk_my_blog_tag_id` FOREIGN KEY (`tag_id`) REFERENCES `my_blog_tag` (`id`); (params ())
2018-12-19 13:31:14,933 [MainThread:40876] [django.db.backends:111] [utils:execute] [DEBUG]- (0.071) None; args=()
2018-12-19 13:31:14,933 [MainThread:40876] [django.db.backends.schema:124] [schema:execute] [DEBUG]- ALTER TABLE `my_blog_article_tag` ADD CONSTRAINT `my_blog_article_tag_article_id_tag_id_f6b2aec5_uniq` UNIQUE (`article_id`, `tag_id`); (params ())
2018-12-19 13:31:14,982 [MainThread:40876] [django.db.backends:111] [utils:execute] [DEBUG]- (0.049) None; args=()
2018-12-19 13:31:14,982 [MainThread:40876] [django.db.backends.schema:124] [schema:execute] [DEBUG]- ALTER TABLE `my_blog_article` ADD CONSTRAINT `my_blog_article_user_id_8373e821_fk_my_blog_user_id` FOREIGN KEY (`user_id`) REFERENCES `my_blog_user` (`id`); (params ())
2018-12-19 13:31:15,052 [MainThread:40876] [django.db.backends:111] [utils:execute] [DEBUG]- (0.070) None; args=()
2018-12-19 13:31:15,083 [MainThread:40876] [django.db.backends:111] [utils:execute] [DEBUG]- (0.031) None; args=None
2018-12-19 13:31:15,143 [MainThread:40876] [django.db.backends:111] [utils:execute] [DEBUG]- (0.030) None; args=['my_blog', '0001_initial', '2018-12-19 05:31:15.083162']
2018-12-19 13:31:15,218 [MainThread:40876] [django.db.backends.schema:124] [schema:execute] [DEBUG]- CREATE TABLE `django_admin_log` (`id` integer AUTO_INCREMENT NOT NULL PRIMARY KEY, `action_time` datetime(6) NOT NULL, `object_id` longtext NULL, `object_repr` varchar(200) NOT NULL, `action_flag` smallint UNSIGNED NOT NULL, `change_message` longtext NOT NULL, `content_type_id` integer NULL, `user_id` integer NOT NULL); (params None)
2018-12-19 13:31:15,263 [MainThread:40876] [django.db.backends:111] [utils:execute] [DEBUG]- (0.045) None; args=None
2018-12-19 13:31:15,294 [MainThread:40876] [django.db.backends:111] [utils:execute] [DEBUG]- (0.031) None; args=['django_admin_log']
2018-12-19 13:31:15,325 [MainThread:40876] [django.db.backends:111] [utils:execute] [DEBUG]- (0.031) None; args=['django_admin_log']
2018-12-19 13:31:15,358 [MainThread:40876] [django.db.backends:111] [utils:execute] [DEBUG]- (0.032) None; args=['django_admin_log']
2018-12-19 13:31:15,390 [MainThread:40876] [django.db.backends:111] [utils:execute] [DEBUG]- (0.031) None; args=['django_admin_log']
2018-12-19 13:31:15,420 [MainThread:40876] [django.db.backends:111] [utils:execute] [DEBUG]- (0.030) None; args=['django_admin_log']
2018-12-19 13:31:15,451 [MainThread:40876] [django.db.backends:111] [utils:execute] [DEBUG]- (0.031) None; args=['django_admin_log']
2018-12-19 13:31:15,482 [MainThread:40876] [django.db.backends:111] [utils:execute] [DEBUG]- (0.031) None; args=['django_admin_log']
2018-12-19 13:31:15,513 [MainThread:40876] [django.db.backends:111] [utils:execute] [DEBUG]- (0.031) None; args=['django_admin_log']
2018-12-19 13:31:15,513 [MainThread:40876] [django.db.backends.schema:124] [schema:execute] [DEBUG]- ALTER TABLE `django_admin_log` ADD CONSTRAINT `django_admin_log_content_type_id_c4bce8eb_fk_django_co` FOREIGN KEY (`content_type_id`) REFERENCES `django_content_type` (`id`); (params ())
2018-12-19 13:31:15,582 [MainThread:40876] [django.db.backends:111] [utils:execute] [DEBUG]- (0.068) None; args=()
2018-12-19 13:31:15,582 [MainThread:40876] [django.db.backends.schema:124] [schema:execute] [DEBUG]- ALTER TABLE `django_admin_log` ADD CONSTRAINT `django_admin_log_user_id_c564eba6_fk_my_blog_user_id` FOREIGN KEY (`user_id`) REFERENCES `my_blog_user` (`id`); (params ())
2018-12-19 13:31:15,652 [MainThread:40876] [django.db.backends:111] [utils:execute] [DEBUG]- (0.070) None; args=()
2018-12-19 13:31:15,683 [MainThread:40876] [django.db.backends:111] [utils:execute] [DEBUG]- (0.031) None; args=None
2018-12-19 13:31:15,745 [MainThread:40876] [django.db.backends:111] [utils:execute] [DEBUG]- (0.032) None; args=['admin', '0001_initial', '2018-12-19 05:31:15.683196']
2018-12-19 13:31:15,848 [MainThread:40876] [django.db.backends:111] [utils:execute] [DEBUG]- (0.032) None; args=None
2018-12-19 13:31:15,909 [MainThread:40876] [django.db.backends:111] [utils:execute] [DEBUG]- (0.031) None; args=['admin', '0002_logentry_remove_auto_add', '2018-12-19 05:31:15.848206']
2018-12-19 13:31:16,014 [MainThread:40876] [django.db.backends:111] [utils:execute] [DEBUG]- (0.032) None; args=None
2018-12-19 13:31:16,076 [MainThread:40876] [django.db.backends:111] [utils:execute] [DEBUG]- (0.031) None; args=['admin', '0003_logentry_add_action_flag_choices', '2018-12-19 05:31:16.014215']
2018-12-19 13:31:16,140 [MainThread:40876] [django.db.backends.schema:124] [schema:execute] [DEBUG]- CREATE TABLE `django_session` (`session_key` varchar(40) NOT NULL PRIMARY KEY, `session_data` longtext NOT NULL, `expire_date` datetime(6) NOT NULL); (params None)
2018-12-19 13:31:16,184 [MainThread:40876] [django.db.backends:111] [utils:execute] [DEBUG]- (0.044) None; args=None
2018-12-19 13:31:16,215 [MainThread:40876] [django.db.backends:111] [utils:execute] [DEBUG]- (0.031) None; args=['django_session']
2018-12-19 13:31:16,246 [MainThread:40876] [django.db.backends:111] [utils:execute] [DEBUG]- (0.031) None; args=['django_session']
2018-12-19 13:31:16,277 [MainThread:40876] [django.db.backends:111] [utils:execute] [DEBUG]- (0.031) None; args=['django_session']
2018-12-19 13:31:16,277 [MainThread:40876] [django.db.backends.schema:124] [schema:execute] [DEBUG]- CREATE INDEX `django_session_expire_date_a5c62663` ON `django_session` (`expire_date`); (params ())
2018-12-19 13:31:16,320 [MainThread:40876] [django.db.backends:111] [utils:execute] [DEBUG]- (0.043) None; args=()
2018-12-19 13:31:16,351 [MainThread:40876] [django.db.backends:111] [utils:execute] [DEBUG]- (0.031) None; args=None
2018-12-19 13:31:16,413 [MainThread:40876] [django.db.backends:111] [utils:execute] [DEBUG]- (0.031) None; args=['sessions', '0001_initial', '2018-12-19 05:31:16.351234']
2018-12-19 13:31:16,506 [MainThread:40876] [django.db.backends:111] [utils:execute] [DEBUG]- (0.030) None; args=None
2018-12-19 13:31:16,538 [MainThread:40876] [django.db.backends:111] [utils:execute] [DEBUG]- (0.031) None; args=()
2018-12-19 13:31:16,580 [MainThread:40876] [django.db.backends:111] [utils:execute] [DEBUG]- (0.031) None; args=('admin', 'logentry')
2018-12-19 13:31:16,612 [MainThread:40876] [django.db.backends:111] [utils:execute] [DEBUG]- (0.031) None; args=('admin', 'logentry')
2018-12-19 13:31:16,674 [MainThread:40876] [django.db.backends:111] [utils:execute] [DEBUG]- (0.031) None; args=['admin', 'logentry']
2018-12-19 13:31:16,768 [MainThread:40876] [django.db.backends:111] [utils:execute] [DEBUG]- (0.031) None; args=(1,)
2018-12-19 13:31:16,829 [MainThread:40876] [django.db.backends:111] [utils:execute] [DEBUG]- (0.030) None; args=('Can add log entry', 1, 'add_logentry', 'Can change log entry', 1, 'change_logentry', 'Can delete log entry', 1, 'delete_logentry', 'Can view log entry', 1, 'view_logentry')
2018-12-19 13:31:16,924 [MainThread:40876] [django.db.backends:111] [utils:execute] [DEBUG]- (0.031) None; args=('admin',)
2018-12-19 13:31:16,955 [MainThread:40876] [django.db.backends:111] [utils:execute] [DEBUG]- (0.030) None; args=('auth', 'permission')
2018-12-19 13:31:16,986 [MainThread:40876] [django.db.backends:111] [utils:execute] [DEBUG]- (0.030) None; args=('auth', 'permission')
2018-12-19 13:31:17,048 [MainThread:40876] [django.db.backends:111] [utils:execute] [DEBUG]- (0.031) None; args=['auth', 'permission']
2018-12-19 13:31:17,141 [MainThread:40876] [django.db.backends:111] [utils:execute] [DEBUG]- (0.031) None; args=('auth', 'group')
2018-12-19 13:31:17,173 [MainThread:40876] [django.db.backends:111] [utils:execute] [DEBUG]- (0.032) None; args=('auth', 'group')
2018-12-19 13:31:17,233 [MainThread:40876] [django.db.backends:111] [utils:execute] [DEBUG]- (0.030) None; args=['auth', 'group']
2018-12-19 13:31:17,329 [MainThread:40876] [django.db.backends:111] [utils:execute] [DEBUG]- (0.031) None; args=(2, 3)
2018-12-19 13:31:17,395 [MainThread:40876] [django.db.backends:111] [utils:execute] [DEBUG]- (0.034) None; args=('Can add permission', 2, 'add_permission', 'Can change permission', 2, 'change_permission', 'Can delete permission', 2, 'delete_permission', 'Can view permission', 2, 'view_permission', 'Can add group', 3, 'add_group', 'Can change group', 3, 'change_group', 'Can delete group', 3, 'delete_group', 'Can view group', 3, 'view_group')
2018-12-19 13:31:17,490 [MainThread:40876] [django.db.backends:111] [utils:execute] [DEBUG]- (0.031) None; args=('auth',)
2018-12-19 13:31:17,522 [MainThread:40876] [django.db.backends:111] [utils:execute] [DEBUG]- (0.031) None; args=('contenttypes', 'contenttype')
2018-12-19 13:31:17,554 [MainThread:40876] [django.db.backends:111] [utils:execute] [DEBUG]- (0.031) None; args=('contenttypes', 'contenttype')
2018-12-19 13:31:17,615 [MainThread:40876] [django.db.backends:111] [utils:execute] [DEBUG]- (0.030) None; args=['contenttypes', 'contenttype']
2018-12-19 13:31:17,710 [MainThread:40876] [django.db.backends:111] [utils:execute] [DEBUG]- (0.031) None; args=(4,)
2018-12-19 13:31:17,771 [MainThread:40876] [django.db.backends:111] [utils:execute] [DEBUG]- (0.030) None; args=('Can add content type', 4, 'add_contenttype', 'Can change content type', 4, 'change_contenttype', 'Can delete content type', 4, 'delete_contenttype', 'Can view content type', 4, 'view_contenttype')
2018-12-19 13:31:17,864 [MainThread:40876] [django.db.backends:111] [utils:execute] [DEBUG]- (0.030) None; args=('contenttypes',)
2018-12-19 13:31:17,897 [MainThread:40876] [django.db.backends:111] [utils:execute] [DEBUG]- (0.031) None; args=('sessions', 'session')
2018-12-19 13:31:17,929 [MainThread:40876] [django.db.backends:111] [utils:execute] [DEBUG]- (0.030) None; args=('sessions', 'session')
2018-12-19 13:31:17,992 [MainThread:40876] [django.db.backends:111] [utils:execute] [DEBUG]- (0.032) None; args=['sessions', 'session']
2018-12-19 13:31:18,087 [MainThread:40876] [django.db.backends:111] [utils:execute] [DEBUG]- (0.030) None; args=(5,)
2018-12-19 13:31:18,149 [MainThread:40876] [django.db.backends:111] [utils:execute] [DEBUG]- (0.031) None; args=('Can add session', 5, 'add_session', 'Can change session', 5, 'change_session', 'Can delete session', 5, 'delete_session', 'Can view session', 5, 'view_session')
2018-12-19 13:31:18,245 [MainThread:40876] [django.db.backends:111] [utils:execute] [DEBUG]- (0.032) None; args=('sessions',)
2018-12-19 13:31:18,276 [MainThread:40876] [django.db.backends:111] [utils:execute] [DEBUG]- (0.030) None; args=('my_blog', 'user')
2018-12-19 13:31:18,308 [MainThread:40876] [django.db.backends:111] [utils:execute] [DEBUG]- (0.031) None; args=('my_blog', 'user')
2018-12-19 13:31:18,369 [MainThread:40876] [django.db.backends:111] [utils:execute] [DEBUG]- (0.030) None; args=['my_blog', 'user']
2018-12-19 13:31:18,466 [MainThread:40876] [django.db.backends:111] [utils:execute] [DEBUG]- (0.031) None; args=('my_blog', 'ad')
2018-12-19 13:31:18,499 [MainThread:40876] [django.db.backends:111] [utils:execute] [DEBUG]- (0.031) None; args=('my_blog', 'ad')
2018-12-19 13:31:18,561 [MainThread:40876] [django.db.backends:111] [utils:execute] [DEBUG]- (0.031) None; args=['my_blog', 'ad']
2018-12-19 13:31:18,655 [MainThread:40876] [django.db.backends:111] [utils:execute] [DEBUG]- (0.030) None; args=('my_blog', 'article')
2018-12-19 13:31:18,687 [MainThread:40876] [django.db.backends:111] [utils:execute] [DEBUG]- (0.030) None; args=('my_blog', 'article')
2018-12-19 13:31:18,749 [MainThread:40876] [django.db.backends:111] [utils:execute] [DEBUG]- (0.030) None; args=['my_blog', 'article']
2018-12-19 13:31:18,844 [MainThread:40876] [django.db.backends:111] [utils:execute] [DEBUG]- (0.031) None; args=('my_blog', 'category')
2018-12-19 13:31:18,875 [MainThread:40876] [django.db.backends:111] [utils:execute] [DEBUG]- (0.030) None; args=('my_blog', 'category')
2018-12-19 13:31:18,936 [MainThread:40876] [django.db.backends:111] [utils:execute] [DEBUG]- (0.030) None; args=['my_blog', 'category']
2018-12-19 13:31:19,030 [MainThread:40876] [django.db.backends:111] [utils:execute] [DEBUG]- (0.030) None; args=('my_blog', 'comment')
2018-12-19 13:31:19,062 [MainThread:40876] [django.db.backends:111] [utils:execute] [DEBUG]- (0.031) None; args=('my_blog', 'comment')
2018-12-19 13:31:19,122 [MainThread:40876] [django.db.backends:111] [utils:execute] [DEBUG]- (0.030) None; args=['my_blog', 'comment']
2018-12-19 13:31:19,216 [MainThread:40876] [django.db.backends:111] [utils:execute] [DEBUG]- (0.031) None; args=('my_blog', 'links')
2018-12-19 13:31:19,247 [MainThread:40876] [django.db.backends:111] [utils:execute] [DEBUG]- (0.031) None; args=('my_blog', 'links')
2018-12-19 13:31:19,307 [MainThread:40876] [django.db.backends:111] [utils:execute] [DEBUG]- (0.030) None; args=['my_blog', 'links']
2018-12-19 13:31:19,401 [MainThread:40876] [django.db.backends:111] [utils:execute] [DEBUG]- (0.031) None; args=('my_blog', 'tag')
2018-12-19 13:31:19,432 [MainThread:40876] [django.db.backends:111] [utils:execute] [DEBUG]- (0.030) None; args=('my_blog', 'tag')
2018-12-19 13:31:19,494 [MainThread:40876] [django.db.backends:111] [utils:execute] [DEBUG]- (0.030) None; args=['my_blog', 'tag']
2018-12-19 13:31:19,590 [MainThread:40876] [django.db.backends:111] [utils:execute] [DEBUG]- (0.031) None; args=(6, 7, 8, 9, 10, 11, 12)
2018-12-19 13:31:19,653 [MainThread:40876] [django.db.backends:111] [utils:execute] [DEBUG]- (0.031) None; args=('Can add ', 6, 'add_user', 'Can change ', 6, 'change_user', 'Can delete ', 6, 'delete_user', 'Can view ', 6, 'view_user', 'Can add ', 7, 'add_ad', 'Can change ', 7, 'change_ad', 'Can delete ', 7, 'delete_ad', 'Can view ', 7, 'view_ad', 'Can add ', 8, 'add_article', 'Can change ', 8, 'change_article', 'Can delete ', 8, 'delete_article', 'Can view ', 8, 'view_article', 'Can add ', 9, 'add_category', 'Can change ', 9, 'change_category', 'Can delete ', 9, 'delete_category', 'Can view ', 9, 'view_category', 'Can add ', 10, 'add_comment', 'Can change ', 10, 'change_comment', 'Can delete ', 10, 'delete_comment', 'Can view ', 10, 'view_comment', 'Can add ', 11, 'add_links', 'Can change ', 11, 'change_links', 'Can delete ', 11, 'delete_links', 'Can view ', 11, 'view_links', 'Can add ', 12, 'add_tag', 'Can change ', 12, 'change_tag', 'Can delete ', 12, 'delete_tag', 'Can view ', 12, 'view_tag')
2018-12-19 13:31:19,765 [MainThread:40876] [django.db.backends:111] [utils:execute] [DEBUG]- (0.030) None; args=('my_blog',)
